Aug 30, 2025 12:31:19 PM liquibase.changelog
INFO: Reading resource: db/changelog/migrations/db.changelog-202408191938.sql
Aug 30, 2025 12:31:19 PM liquibase.changelog
INFO: Reading resource: db/changelog/migrations/db.changelog-202408210954.sql
Aug 30, 2025 12:31:19 PM liquibase.changelog
INFO: Reading resource: db/changelog/migrations/db.changelog-202408211004.sql
Aug 30, 2025 12:31:19 PM liquibase.changelog
INFO: Reading resource: db/changelog/migrations/db.changelog-202408211005.sql
Aug 30, 2025 12:31:19 PM liquibase.changelog
INFO: Reading resource: db/changelog/migrations/db.changelog-202408281807.sql
Aug 30, 2025 12:31:20 PM liquibase.changelog
INFO: Reading from board.databasechangelog
Database is up to date, no changesets to execute
Aug 30, 2025 12:31:20 PM liquibase.changelog
INFO: Reading from board.databasechangelog

UPDATE SUMMARY
Run:                          0
Previously run:               5
Filtered out:                 0
-------------------------------
Total change sets:            5

Aug 30, 2025 12:31:20 PM liquibase.util
INFO: UPDATE SUMMARY
Aug 30, 2025 12:31:20 PM liquibase.util
INFO: Run:                          0
Aug 30, 2025 12:31:20 PM liquibase.util
INFO: Previously run:               5
Aug 30, 2025 12:31:20 PM liquibase.util
INFO: Filtered out:                 0
Aug 30, 2025 12:31:20 PM liquibase.util
INFO: -------------------------------
Aug 30, 2025 12:31:20 PM liquibase.util
INFO: Total change sets:            5
Aug 30, 2025 12:31:20 PM liquibase.util
INFO: Update summary generated
Aug 30, 2025 12:31:20 PM liquibase.lockservice
INFO: Successfully released change log lock
Aug 30, 2025 12:31:20 PM liquibase.command
INFO: Command execution complete.
